<?xml version="1.0" encoding="UTF-8"?>
<Site BuildName="Win32-mingw32-make"
	BuildStamp="20231113-0505-Experimental"
	Name="PC5-Dany"
	Generator="ctest-3.26.3"
	CompilerName="C:/mingw64/bin/g++.exe"
	CompilerVersion="7.3.0"
	OSName="Windows"
	Hostname="PC5-Dany"
	OSRelease=" Personal"
	OSVersion=" (Build 22000)"
	OSPlatform="AMD64"
	Is64Bits="1"
	VendorString="GenuineIntel"
	VendorID="Intel Corporation"
	FamilyID="6"
	ModelID="12"
	ProcessorCacheSize="-1"
	NumberOfLogicalCPU="8"
	NumberOfPhysicalCPU="4"
	TotalVirtualMemory="18507"
	TotalPhysicalMemory="16075"
	LogicalProcessorsPerPhysical="2"
	ProcessorClockFrequency="3302"
	>
	<Testing>
		<StartDateTime>Nov 13 00:18 Eastern Standard Time</StartDateTime>
		<StartTestTime>1699852719</StartTestTime>
		<TestList/>
		<EndDateTime>Nov 13 00:18 Eastern Standard Time</EndDateTime>
		<EndTestTime>1699852719</EndTestTime>
		<ElapsedMinutes>0</ElapsedMinutes>
	</Testing>
</Site>
